<?xml version="1.0" encoding="UTF-8"?>
<!-- Generated by org.testng.reporters.JUnitXMLReporter -->
<testsuite ignored="0" hostname="LAPTOP-O15LHT5K" failures="0" tests="4" name="Test" time="64.066" errors="0" timestamp="2023-10-28T14:09:53 IST">
  <testcase classname="com.ash.tests.LoginPageTest" name="login" time="13.094"/>
  <testcase classname="com.ash.tests.LoginPageTest" name="login2" time="11.882"/>
  <testcase classname="com.ash.tests.LoginPageTest" name="login" time="12.865"/>
  <testcase classname="com.ash.tests.LoginPageTest" name="login2" time="5.066"/>
</testsuite> <!-- Test -->
