<?xml version="1.0" encoding="UTF-8"?>
<testng-results ignored="0" total="2" passed="2" failed="0" skipped="0">
  <reporter-output>
  </reporter-output>
  <suite started-at="2023-10-14T21:02:35 IST" name="Suite" finished-at="2023-10-14T21:03:00 IST" duration-ms="25681">
    <groups>
    </groups>
    <test started-at="2023-10-14T21:02:35 IST" name="Test" finished-at="2023-10-14T21:03:00 IST" duration-ms="25681">
      <class name="com.ash.project.LoginPageTest">
        <test-method is-config="true" signature="initDriver()[pri:0, instance:com.ash.project.LoginPageTest@4351c8c3]" started-at="2023-10-14T21:02:35 IST" name="initDriver" finished-at="2023-10-14T21:02:44 IST" duration-ms="9225" status="PASS">
          <reporter-output>
          </reporter-output>
        </test-method> <!-- initDriver -->
        <test-method is-config="true" signature="initDriver()[pri:0, instance:com.ash.project.LoginPageTest@4351c8c3]" started-at="2023-10-14T21:02:35 IST" name="initDriver" finished-at="2023-10-14T21:02:54 IST" duration-ms="19704" status="PASS">
          <reporter-output>
          </reporter-output>
        </test-method> <!-- initDriver -->
        <test-method signature="Test2()[pri:0, instance:com.ash.project.LoginPageTest@4351c8c3]" started-at="2023-10-14T21:02:44 IST" name="Test2" finished-at="2023-10-14T21:02:48 IST" duration-ms="4541" status="PASS">
          <reporter-output>
          </reporter-output>
        </test-method> <!-- Test2 -->
        <test-method is-config="true" signature="quitDriver()[pri:0, instance:com.ash.project.LoginPageTest@4351c8c3]" started-at="2023-10-14T21:02:48 IST" name="quitDriver" finished-at="2023-10-14T21:02:49 IST" duration-ms="186" status="PASS">
          <reporter-output>
          </reporter-output>
        </test-method> <!-- quitDriver -->
        <test-method signature="Test1()[pri:0, instance:com.ash.project.LoginPageTest@4351c8c3]" started-at="2023-10-14T21:02:54 IST" name="Test1" finished-at="2023-10-14T21:03:00 IST" duration-ms="5820" status="PASS">
          <reporter-output>
          </reporter-output>
        </test-method> <!-- Test1 -->
        <test-method is-config="true" signature="quitDriver()[pri:0, instance:com.ash.project.LoginPageTest@4351c8c3]" started-at="2023-10-14T21:03:00 IST" name="quitDriver" finished-at="2023-10-14T21:03:00 IST" duration-ms="124" status="PASS">
          <reporter-output>
          </reporter-output>
        </test-method> <!-- quitDriver -->
      </class> <!-- com.ash.project.LoginPageTest -->
    </test> <!-- Test -->
  </suite> <!-- Suite -->
</testng-results>
