<?xml version="1.0" encoding="UTF-8"?>
<testng-results ignored="0" total="4" passed="4" failed="0" skipped="0">
  <reporter-output>
  </reporter-output>
  <suite started-at="2023-10-28T14:08:49 IST" name="Suite" finished-at="2023-10-28T14:09:53 IST" duration-ms="64066">
    <groups>
    </groups>
    <test started-at="2023-10-28T14:08:49 IST" name="Test" finished-at="2023-10-28T14:09:53 IST" duration-ms="64066">
      <class name="com.ash.tests.LoginPageTest">
        <test-method is-config="true" signature="initDriver([Ljava.lang.Object;)[pri:0, instance:com.ash.tests.LoginPageTest@22ef9844]" started-at="2023-10-28T14:08:50 IST" name="initDriver" finished-at="2023-10-28T14:08:59 IST" duration-ms="8440" status="PASS">
          <params>
            <param index="0">
              <value>
                <![CDATA[[Ljava.lang.Object;@557eb543]]>
              </value>
            </param>
          </params>
          <reporter-output>
          </reporter-output>
        </test-method> <!-- initDriver -->
        <test-method is-config="true" signature="initDriver([Ljava.lang.Object;)[pri:0, instance:com.ash.tests.LoginPageTest@22ef9844]" started-at="2023-10-28T14:08:50 IST" name="initDriver" finished-at="2023-10-28T14:09:16 IST" duration-ms="25304" status="PASS">
          <params>
            <param index="0">
              <value>
                <![CDATA[[Ljava.lang.Object;@537c8c7e]]>
              </value>
            </param>
          </params>
          <reporter-output>
          </reporter-output>
        </test-method> <!-- initDriver -->
        <test-method signature="login(java.util.HashMap)[pri:0, instance:com.ash.tests.LoginPageTest@22ef9844]" started-at="2023-10-28T14:08:59 IST" name="login" data-provider="loginpagedata" finished-at="2023-10-28T14:09:12 IST" duration-ms="13094" status="PASS">
          <params>
            <param index="0">
              <value>
                <![CDATA[{password=admin123, testname=login, execute=yes, browser=chrome, username=Admin}]]>
              </value>
            </param>
          </params>
          <reporter-output>
          </reporter-output>
        </test-method> <!-- login -->
        <test-method is-config="true" signature="quitDriver()[pri:0, instance:com.ash.tests.LoginPageTest@22ef9844]" started-at="2023-10-28T14:09:12 IST" name="quitDriver" finished-at="2023-10-28T14:09:12 IST" duration-ms="145" status="PASS">
          <reporter-output>
          </reporter-output>
        </test-method> <!-- quitDriver -->
        <test-method is-config="true" signature="initDriver([Ljava.lang.Object;)[pri:0, instance:com.ash.tests.LoginPageTest@22ef9844]" started-at="2023-10-28T14:09:12 IST" name="initDriver" finished-at="2023-10-28T14:09:22 IST" duration-ms="10405" status="PASS">
          <params>
            <param index="0">
              <value>
                <![CDATA[[Ljava.lang.Object;@7308ffff]]>
              </value>
            </param>
          </params>
          <reporter-output>
          </reporter-output>
        </test-method> <!-- initDriver -->
        <test-method signature="login2(java.util.HashMap)[pri:0, instance:com.ash.tests.LoginPageTest@22ef9844]" started-at="2023-10-28T14:09:16 IST" name="login2" data-provider="loginpagedata" finished-at="2023-10-28T14:09:27 IST" duration-ms="11882" status="PASS">
          <params>
            <param index="0">
              <value>
                <![CDATA[{password=admin123, testname=login2, execute=yes, browser=firefox, username=Admin}]]>
              </value>
            </param>
          </params>
          <reporter-output>
          </reporter-output>
        </test-method> <!-- login2 -->
        <test-method signature="login(java.util.HashMap)[pri:0, instance:com.ash.tests.LoginPageTest@22ef9844]" started-at="2023-10-28T14:09:22 IST" name="login" data-provider="loginpagedata" finished-at="2023-10-28T14:09:35 IST" duration-ms="12865" status="PASS">
          <params>
            <param index="0">
              <value>
                <![CDATA[{password=admin123, testname=login, execute=yes, browser=chrome, username=Admin}]]>
              </value>
            </param>
          </params>
          <reporter-output>
          </reporter-output>
        </test-method> <!-- login -->
        <test-method is-config="true" signature="quitDriver()[pri:0, instance:com.ash.tests.LoginPageTest@22ef9844]" started-at="2023-10-28T14:09:27 IST" name="quitDriver" finished-at="2023-10-28T14:09:33 IST" duration-ms="5337" status="PASS">
          <reporter-output>
          </reporter-output>
        </test-method> <!-- quitDriver -->
        <test-method is-config="true" signature="initDriver([Ljava.lang.Object;)[pri:0, instance:com.ash.tests.LoginPageTest@22ef9844]" started-at="2023-10-28T14:09:33 IST" name="initDriver" finished-at="2023-10-28T14:09:47 IST" duration-ms="14354" status="PASS">
          <params>
            <param index="0">
              <value>
                <![CDATA[[Ljava.lang.Object;@6601cc93]]>
              </value>
            </param>
          </params>
          <reporter-output>
          </reporter-output>
        </test-method> <!-- initDriver -->
        <test-method is-config="true" signature="quitDriver()[pri:0, instance:com.ash.tests.LoginPageTest@22ef9844]" started-at="2023-10-28T14:09:35 IST" name="quitDriver" finished-at="2023-10-28T14:09:35 IST" duration-ms="127" status="PASS">
          <reporter-output>
          </reporter-output>
        </test-method> <!-- quitDriver -->
        <test-method signature="login2(java.util.HashMap)[pri:0, instance:com.ash.tests.LoginPageTest@22ef9844]" started-at="2023-10-28T14:09:47 IST" name="login2" data-provider="loginpagedata" finished-at="2023-10-28T14:09:52 IST" duration-ms="5066" status="PASS">
          <params>
            <param index="0">
              <value>
                <![CDATA[{password=admin123, testname=login2, execute=yes, browser=firefox, username=Admin}]]>
              </value>
            </param>
          </params>
          <reporter-output>
          </reporter-output>
        </test-method> <!-- login2 -->
        <test-method is-config="true" signature="quitDriver()[pri:0, instance:com.ash.tests.LoginPageTest@22ef9844]" started-at="2023-10-28T14:09:52 IST" name="quitDriver" finished-at="2023-10-28T14:09:53 IST" duration-ms="986" status="PASS">
          <reporter-output>
          </reporter-output>
        </test-method> <!-- quitDriver -->
      </class> <!-- com.ash.tests.LoginPageTest -->
    </test> <!-- Test -->
  </suite> <!-- Suite -->
</testng-results>
